<?xml version="1.0" encoding="UTF-8" standalone="no"?>
<testsuite errors="0" failures="0" name="io.cucumber.core.plugin.JUnitFormatter" skipped="0" tests="1" time="7.315">
    <testcase classname="feature to test myntra search functionality" name="validate myntra search is working" time="7.205">
        <system-out>
            <![CDATA[Given browser is open.......................................................passed
And user is on myntra search page...........................................passed
When user enters a text in search box.......................................passed
And hits enter..............................................................passed
Then user is navigated to serach results....................................passed
]]>
        </system-out>
    </testcase>
</testsuite>
